{
  "RSpec": {
    "coverage": {
      "/Users/PerrinJ/Projects/bank_tech_test/spec/account_Spec.rb": {
        "lines": [
          null,
          null,
          1,
          null,
          1,
          6,
          1,
          1,
          null,
          null,
          1,
          1,
          null,
          null,
          1,
          1,
          null,
          null,
          1,
          4,
          null,
          null,
          1,
          4,
          null,
          null
        ]
      },
      "/Users/PerrinJ/Projects/bank_tech_test/lib/account.rb": {
        "lines": [
          null,
          null,
          1,
          1,
          1,
          5,
          5,
          null,
          null,
          1,
          1,
          null,
          null,
          null,
          1,
          1,
          null,
          null
        ]
      },
      "/Users/PerrinJ/Projects/bank_tech_test/spec/transaction_Spec.rb": {
        "lines": [
          null,
          null,
          1,
          null,
          1,
          1,
          4,
          3,
          1,
          1,
          null,
          null,
          1,
          1,
          null,
          null,
          1,
          1,
          null,
          null,
          1,
          1,
          null,
          null,
          1,
          1,
          null,
          null
        ]
      },
      "/Users/PerrinJ/Projects/bank_tech_test/lib/transaction.rb": {
        "lines": [
          1,
          null,
          1,
          1,
          5,
          5,
          null,
          null
        ]
      }
    },
    "timestamp": 1594720899
  }
}
