{
  "RSpec": {
    "coverage": {
      "/Users/PerrinJ/Projects/bank_tech_test/spec/account_Spec.rb": {
        "lines": [
          null,
          null,
          1,
          null,
          1,
          5,
          1,
          1,
          null,
          null,
          1,
          1,
          null,
          null,
          1,
          1,
          null,
          null,
          1,
          4,
          null,
          null
        ]
      },
      "/Users/PerrinJ/Projects/bank_tech_test/lib/Account.rb": {
        "lines": [
          null,
          null,
          1,
          1,
          1,
          4,
          4,
          null,
          null,
          1,
          1,
          null,
          null,
          null,
          null
        ]
      }
    },
    "timestamp": 1594718670
  }
}
